[INFO] PyTorch version        : 2.5.1+cu121
[INFO] CUDA available         : True
[INFO] CUDA device count      : 1
[INFO] Using device           : cuda
[INFO] GPU name              : NVIDIA GeForce RTX 4060 Laptop GPU
[INFO] GPU memory (GB)       : 8.00

[1/7] Preparing datasets
[INFO] Dataset summary
split_name class_name  image_count  patient_count
     train     NORMAL        40715           2747
       val     NORMAL        10425            687
      test        CNV          250            178
      test        DME          250            167
      test     DRUSEN          250            169
      test     NORMAL          250            171
[INFO] Dataset checks
[INFO] Train classes           : NORMAL
[INFO] Train pathology count   : 0
[INFO] Train/val patient overlap: 0
[INFO] Crop mode               : content

[2/7] Building model
ConvAutoencoder(
  (encoder): Sequential(
    (0): Conv2d(1, 32, kernel_size=(3, 3), stride=(1, 1), padding=(1, 1))
    (1): ReLU(inplace=True)
    (2): MaxPool2d(kernel_size=2, stride=2, padding=0, dilation=1, ceil_mode=False)
    (3): Conv2d(32, 64, kernel_size=(3, 3), stride=(1, 1), padding=(1, 1))
    (4): ReLU(inplace=True)
    (5): MaxPool2d(kernel_size=2, stride=2, padding=0, dilation=1, ceil_mode=False)
    (6): Conv2d(64, 128, kernel_size=(3, 3), stride=(1, 1), padding=(1, 1))
    (7): ReLU(inplace=True)
    (8): MaxPool2d(kernel_size=2, stride=2, padding=0, dilation=1, ceil_mode=False)
    (9): Conv2d(128, 256, kernel_size=(3, 3), stride=(1, 1), padding=(1, 1))
    (10): ReLU(inplace=True)
    (11): MaxPool2d(kernel_size=2, stride=2, padding=0, dilation=1, ceil_mode=False)
  )
  (to_latent): Linear(in_features=16384, out_features=256, bias=True)
  (from_latent): Linear(in_features=256, out_features=16384, bias=True)
  (decoder): Sequential(
    (0): ConvTranspose2d(256, 128, kernel_size=(2, 2), stride=(2, 2))
    (1): ReLU(inplace=True)
    (2): ConvTranspose2d(128, 64, kernel_size=(2, 2), stride=(2, 2))
    (3): ReLU(inplace=True)
    (4): ConvTranspose2d(64, 32, kernel_size=(2, 2), stride=(2, 2))
    (5): ReLU(inplace=True)
    (6): ConvTranspose2d(32, 16, kernel_size=(2, 2), stride=(2, 2))
    (7): ReLU(inplace=True)
    (8): Conv2d(16, 1, kernel_size=(3, 3), stride=(1, 1), padding=(1, 1))
    (9): Sigmoid()
  )
)
[INFO] Parameter count         : 8,967,553

[3/7] Training model
[INFO] Training ae model from scratch
[INFO] Loss type                : mse
Epoch 01/40 | train_loss=0.009602 | val_loss=0.004093
Epoch 02/40 | train_loss=0.003036 | val_loss=0.002550
Epoch 03/40 | train_loss=0.002232 | val_loss=0.002000
Epoch 04/40 | train_loss=0.001885 | val_loss=0.001776
Epoch 05/40 | train_loss=0.001684 | val_loss=0.001631
Epoch 06/40 | train_loss=0.001533 | val_loss=0.001615
Epoch 07/40 | train_loss=0.001424 | val_loss=0.001437
Epoch 08/40 | train_loss=0.001333 | val_loss=0.001329
Epoch 09/40 | train_loss=0.001268 | val_loss=0.001346
Epoch 10/40 | train_loss=0.001216 | val_loss=0.001244
Epoch 11/40 | train_loss=0.001168 | val_loss=0.001262
Epoch 12/40 | train_loss=0.001126 | val_loss=0.001191
Epoch 13/40 | train_loss=0.001090 | val_loss=0.001187
Epoch 14/40 | train_loss=0.001064 | val_loss=0.001122
Epoch 15/40 | train_loss=0.001035 | val_loss=0.001101
Epoch 16/40 | train_loss=0.001014 | val_loss=0.001067
Epoch 17/40 | train_loss=0.000991 | val_loss=0.001058
Epoch 18/40 | train_loss=0.000970 | val_loss=0.001035
Epoch 19/40 | train_loss=0.000956 | val_loss=0.001024
Epoch 20/40 | train_loss=0.000942 | val_loss=0.001070
Epoch 21/40 | train_loss=0.000927 | val_loss=0.001017
Epoch 22/40 | train_loss=0.000918 | val_loss=0.001024
Epoch 23/40 | train_loss=0.000902 | val_loss=0.000996
Epoch 24/40 | train_loss=0.000891 | val_loss=0.000976
Epoch 25/40 | train_loss=0.000881 | val_loss=0.000974
Epoch 26/40 | train_loss=0.000868 | val_loss=0.000987
Epoch 27/40 | train_loss=0.000862 | val_loss=0.000995
Epoch 28/40 | train_loss=0.000853 | val_loss=0.000938
Epoch 29/40 | train_loss=0.000842 | val_loss=0.000983
Epoch 30/40 | train_loss=0.000839 | val_loss=0.000962
Epoch 31/40 | train_loss=0.000828 | val_loss=0.000948
Epoch 32/40 | train_loss=0.000819 | val_loss=0.000934
Epoch 33/40 | train_loss=0.000814 | val_loss=0.000929
Epoch 34/40 | train_loss=0.000809 | val_loss=0.000935
Epoch 35/40 | train_loss=0.000804 | val_loss=0.000916
Epoch 36/40 | train_loss=0.000796 | val_loss=0.000917
Epoch 37/40 | train_loss=0.000792 | val_loss=0.000915
Epoch 38/40 | train_loss=0.000787 | val_loss=0.000894
Epoch 39/40 | train_loss=0.000783 | val_loss=0.000895
Epoch 40/40 | train_loss=0.000778 | val_loss=0.000897
[INFO] Best epoch             : 38
[INFO] Best val loss          : 0.000894
[INFO] Training duration      : 56m 23s

[4/7] Computing validation thresholds

[5/7] Evaluating on test split

[6/7] Saving metrics and figures
[INFO] Saved JSON            : outputs\experiments\ae_mse_l256_bs16_crop\metrics\run_config.json
[INFO] Saved JSON            : outputs\experiments\ae_mse_l256_bs16_crop\metrics\training_history.json
[INFO] Saved JSON            : outputs\experiments\ae_mse_l256_bs16_crop\metrics\dataset_checks.json
[INFO] Saved JSON            : outputs\experiments\ae_mse_l256_bs16_crop\metrics\selected_threshold_metrics.json
[INFO] Saved JSON            : outputs\experiments\ae_mse_l256_bs16_crop\metrics\thresholds.json
[INFO] Saved text            : outputs\experiments\ae_mse_l256_bs16_crop\summary.txt

[7/7] Skipping report assets

[DONE] All outputs were generated successfully.
[DONE] Outputs directory       : outputs\experiments\ae_mse_l256_bs16_crop
[DONE] Report directory        : outputs\experiments\ae_mse_l256_bs16_crop\report_assets
