[INFO] PyTorch version        : 2.6.0+cu124
[INFO] CUDA available         : True
[INFO] CUDA device count      : 1
[INFO] Using device           : cuda
[INFO] GPU name              : NVIDIA GeForce RTX 4060 Laptop GPU
[INFO] GPU memory (GB)       : 8.00

[1/7] Preparing datasets
[INFO] Dataset summary
split_name class_name  image_count  patient_count
     train     NORMAL        40715           2747
       val     NORMAL        10425            687
      test        CNV          250            178
      test        DME          250            167
      test     DRUSEN          250            169
      test     NORMAL          250            171
[INFO] Dataset checks
[INFO] Train classes           : NORMAL
[INFO] Train pathology count   : 0
[INFO] Train/val patient overlap: 0

[2/7] Building model
ConvVariationalAutoencoder(
  (encoder): Sequential(
    (0): Conv2d(1, 32, kernel_size=(3, 3), stride=(1, 1), padding=(1, 1))
    (1): ReLU(inplace=True)
    (2): MaxPool2d(kernel_size=2, stride=2, padding=0, dilation=1, ceil_mode=False)
    (3): Conv2d(32, 64, kernel_size=(3, 3), stride=(1, 1), padding=(1, 1))
    (4): ReLU(inplace=True)
    (5): MaxPool2d(kernel_size=2, stride=2, padding=0, dilation=1, ceil_mode=False)
    (6): Conv2d(64, 128, kernel_size=(3, 3), stride=(1, 1), padding=(1, 1))
    (7): ReLU(inplace=True)
    (8): MaxPool2d(kernel_size=2, stride=2, padding=0, dilation=1, ceil_mode=False)
    (9): Conv2d(128, 256, kernel_size=(3, 3), stride=(1, 1), padding=(1, 1))
    (10): ReLU(inplace=True)
    (11): MaxPool2d(kernel_size=2, stride=2, padding=0, dilation=1, ceil_mode=False)
  )
  (to_mu): Linear(in_features=16384, out_features=128, bias=True)
  (to_logvar): Linear(in_features=16384, out_features=128, bias=True)
  (from_latent): Linear(in_features=128, out_features=16384, bias=True)
  (decoder): Sequential(
    (0): ConvTranspose2d(256, 128, kernel_size=(2, 2), stride=(2, 2))
    (1): ReLU(inplace=True)
    (2): ConvTranspose2d(128, 64, kernel_size=(2, 2), stride=(2, 2))
    (3): ReLU(inplace=True)
    (4): ConvTranspose2d(64, 32, kernel_size=(2, 2), stride=(2, 2))
    (5): ReLU(inplace=True)
    (6): ConvTranspose2d(32, 16, kernel_size=(2, 2), stride=(2, 2))
    (7): ReLU(inplace=True)
    (8): Conv2d(16, 1, kernel_size=(3, 3), stride=(1, 1), padding=(1, 1))
    (9): Sigmoid()
  )
)
[INFO] Parameter count         : 6,870,401

[3/7] Training model
[INFO] Training vae model from scratch
[INFO] Loss type                : vae_mse_kl
Epoch 01/40 | train_loss=0.016493 | val_loss=0.008065
Epoch 02/40 | train_loss=0.008683 | val_loss=0.006770
Epoch 03/40 | train_loss=0.007712 | val_loss=0.006617
Epoch 04/40 | train_loss=0.007257 | val_loss=0.005945
Epoch 05/40 | train_loss=0.006950 | val_loss=0.005706
Epoch 06/40 | train_loss=0.006720 | val_loss=0.005519
Epoch 07/40 | train_loss=0.006536 | val_loss=0.005409
Epoch 08/40 | train_loss=0.006394 | val_loss=0.005268
Epoch 09/40 | train_loss=0.006283 | val_loss=0.005063
Epoch 10/40 | train_loss=0.006165 | val_loss=0.005176
Epoch 11/40 | train_loss=0.006081 | val_loss=0.004979
Epoch 12/40 | train_loss=0.006008 | val_loss=0.004945
Epoch 13/40 | train_loss=0.005926 | val_loss=0.005010
Epoch 14/40 | train_loss=0.005865 | val_loss=0.004846
Epoch 15/40 | train_loss=0.005830 | val_loss=0.004986
Epoch 16/40 | train_loss=0.005776 | val_loss=0.005098
Epoch 17/40 | train_loss=0.005740 | val_loss=0.004851
Epoch 18/40 | train_loss=0.005699 | val_loss=0.004765
Epoch 19/40 | train_loss=0.005662 | val_loss=0.004774
Epoch 20/40 | train_loss=0.005630 | val_loss=0.004682
Epoch 21/40 | train_loss=0.005603 | val_loss=0.004606
Epoch 22/40 | train_loss=0.005568 | val_loss=0.004746
Epoch 23/40 | train_loss=0.005542 | val_loss=0.004705
Epoch 24/40 | train_loss=0.005534 | val_loss=0.004799
Epoch 25/40 | train_loss=0.005512 | val_loss=0.004640
Epoch 26/40 | train_loss=0.005483 | val_loss=0.004658
Epoch 27/40 | train_loss=0.005462 | val_loss=0.004759
Epoch 28/40 | train_loss=0.005456 | val_loss=0.004724
Epoch 29/40 | train_loss=0.005426 | val_loss=0.004701
[INFO] Early stopping triggered at epoch 29
[INFO] Best epoch             : 21
[INFO] Best val loss          : 0.004606
[INFO] Training duration      : 23m 48s

[4/7] Computing validation thresholds

[5/7] Evaluating on test split

[6/7] Saving metrics and figures
[INFO] Saved JSON            : outputs\experiments\vae_msekl_l128\metrics\run_config.json
[INFO] Saved JSON            : outputs\experiments\vae_msekl_l128\metrics\training_history.json
[INFO] Saved JSON            : outputs\experiments\vae_msekl_l128\metrics\dataset_checks.json
[INFO] Saved JSON            : outputs\experiments\vae_msekl_l128\metrics\selected_threshold_metrics.json
[INFO] Saved JSON            : outputs\experiments\vae_msekl_l128\metrics\thresholds.json
[INFO] Saved text            : outputs\experiments\vae_msekl_l128\summary.txt

[7/7] Skipping report assets

[DONE] All outputs were generated successfully.
[DONE] Outputs directory       : outputs\experiments\vae_msekl_l128
[DONE] Report directory        : outputs\experiments\vae_msekl_l128\report_assets
