[INFO] PyTorch version        : 2.6.0+cu124
[INFO] CUDA available         : True
[INFO] CUDA device count      : 1
[INFO] Using device           : cuda
[INFO] GPU name              : NVIDIA GeForce RTX 4060 Laptop GPU
[INFO] GPU memory (GB)       : 8.00

[1/7] Preparing datasets
[INFO] Dataset summary
split_name class_name  image_count  patient_count
     train     NORMAL        40715           2747
       val     NORMAL        10425            687
      test        CNV          250            178
      test        DME          250            167
      test     DRUSEN          250            169
      test     NORMAL          250            171
[INFO] Dataset checks
[INFO] Train classes           : NORMAL
[INFO] Train pathology count   : 0
[INFO] Train/val patient overlap: 0

[2/7] Building model
ConvAutoencoder(
  (encoder): Sequential(
    (0): Conv2d(1, 32, kernel_size=(3, 3), stride=(1, 1), padding=(1, 1))
    (1): ReLU(inplace=True)
    (2): MaxPool2d(kernel_size=2, stride=2, padding=0, dilation=1, ceil_mode=False)
    (3): Conv2d(32, 64, kernel_size=(3, 3), stride=(1, 1), padding=(1, 1))
    (4): ReLU(inplace=True)
    (5): MaxPool2d(kernel_size=2, stride=2, padding=0, dilation=1, ceil_mode=False)
    (6): Conv2d(64, 128, kernel_size=(3, 3), stride=(1, 1), padding=(1, 1))
    (7): ReLU(inplace=True)
    (8): MaxPool2d(kernel_size=2, stride=2, padding=0, dilation=1, ceil_mode=False)
    (9): Conv2d(128, 256, kernel_size=(3, 3), stride=(1, 1), padding=(1, 1))
    (10): ReLU(inplace=True)
    (11): MaxPool2d(kernel_size=2, stride=2, padding=0, dilation=1, ceil_mode=False)
  )
  (to_latent): Linear(in_features=16384, out_features=64, bias=True)
  (from_latent): Linear(in_features=64, out_features=16384, bias=True)
  (decoder): Sequential(
    (0): ConvTranspose2d(256, 128, kernel_size=(2, 2), stride=(2, 2))
    (1): ReLU(inplace=True)
    (2): ConvTranspose2d(128, 64, kernel_size=(2, 2), stride=(2, 2))
    (3): ReLU(inplace=True)
    (4): ConvTranspose2d(64, 32, kernel_size=(2, 2), stride=(2, 2))
    (5): ReLU(inplace=True)
    (6): ConvTranspose2d(32, 16, kernel_size=(2, 2), stride=(2, 2))
    (7): ReLU(inplace=True)
    (8): Conv2d(16, 1, kernel_size=(3, 3), stride=(1, 1), padding=(1, 1))
    (9): Sigmoid()
  )
)
[INFO] Parameter count         : 2,675,905

[3/7] Training model
[INFO] Training ae model from scratch
[INFO] Loss type                : mse
Epoch 01/40 | train_loss=0.010318 | val_loss=0.004389
Epoch 02/40 | train_loss=0.002959 | val_loss=0.002760
Epoch 03/40 | train_loss=0.002068 | val_loss=0.001799
Epoch 04/40 | train_loss=0.001701 | val_loss=0.001648
Epoch 05/40 | train_loss=0.001515 | val_loss=0.001496
Epoch 06/40 | train_loss=0.001375 | val_loss=0.001516
Epoch 07/40 | train_loss=0.001282 | val_loss=0.001297
Epoch 08/40 | train_loss=0.001207 | val_loss=0.001259
Epoch 09/40 | train_loss=0.001153 | val_loss=0.001257
Epoch 10/40 | train_loss=0.001105 | val_loss=0.001141
Epoch 11/40 | train_loss=0.001069 | val_loss=0.001079
Epoch 12/40 | train_loss=0.001026 | val_loss=0.001101
Epoch 13/40 | train_loss=0.001000 | val_loss=0.001069
Epoch 14/40 | train_loss=0.000983 | val_loss=0.001037
Epoch 15/40 | train_loss=0.000955 | val_loss=0.001009
Epoch 16/40 | train_loss=0.000931 | val_loss=0.001002
Epoch 17/40 | train_loss=0.000923 | val_loss=0.001022
Epoch 18/40 | train_loss=0.000904 | val_loss=0.000992
Epoch 19/40 | train_loss=0.000892 | val_loss=0.000970
Epoch 20/40 | train_loss=0.000875 | val_loss=0.000958
Epoch 21/40 | train_loss=0.000863 | val_loss=0.000920
Epoch 22/40 | train_loss=0.000853 | val_loss=0.000917
Epoch 23/40 | train_loss=0.000841 | val_loss=0.000914
Epoch 24/40 | train_loss=0.000840 | val_loss=0.000963
Epoch 25/40 | train_loss=0.000824 | val_loss=0.000909
Epoch 26/40 | train_loss=0.000816 | val_loss=0.000920
Epoch 27/40 | train_loss=0.000808 | val_loss=0.000882
Epoch 28/40 | train_loss=0.000801 | val_loss=0.000891
Epoch 29/40 | train_loss=0.000794 | val_loss=0.001010
Epoch 30/40 | train_loss=0.000794 | val_loss=0.000887
Epoch 31/40 | train_loss=0.000784 | val_loss=0.000857
Epoch 32/40 | train_loss=0.000777 | val_loss=0.000882
Epoch 33/40 | train_loss=0.000773 | val_loss=0.000868
Epoch 34/40 | train_loss=0.000768 | val_loss=0.000874
Epoch 35/40 | train_loss=0.000768 | val_loss=0.000845
Epoch 36/40 | train_loss=0.000762 | val_loss=0.000855
Epoch 37/40 | train_loss=0.000758 | val_loss=0.000866
Epoch 38/40 | train_loss=0.000752 | val_loss=0.000848
Epoch 39/40 | train_loss=0.000746 | val_loss=0.000876
Epoch 40/40 | train_loss=0.000745 | val_loss=0.000842
[INFO] Best epoch             : 40
[INFO] Best val loss          : 0.000842
[INFO] Training duration      : 30m 37s

[4/7] Computing validation thresholds

[5/7] Evaluating on test split

[6/7] Saving metrics and figures
[INFO] Saved JSON            : outputs\experiments\ae_mse_l64\metrics\run_config.json
[INFO] Saved JSON            : outputs\experiments\ae_mse_l64\metrics\training_history.json
[INFO] Saved JSON            : outputs\experiments\ae_mse_l64\metrics\dataset_checks.json
[INFO] Saved JSON            : outputs\experiments\ae_mse_l64\metrics\selected_threshold_metrics.json
[INFO] Saved JSON            : outputs\experiments\ae_mse_l64\metrics\thresholds.json
[INFO] Saved text            : outputs\experiments\ae_mse_l64\summary.txt

[7/7] Skipping report assets

[DONE] All outputs were generated successfully.
[DONE] Outputs directory       : outputs\experiments\ae_mse_l64
[DONE] Report directory        : outputs\experiments\ae_mse_l64\report_assets
