[INFO] PyTorch version        : 2.6.0+cu124
[INFO] CUDA available         : True
[INFO] CUDA device count      : 1
[INFO] Using device           : cuda
[INFO] GPU name              : NVIDIA GeForce RTX 4060 Laptop GPU
[INFO] GPU memory (GB)       : 8.00

[1/7] Preparing datasets
[INFO] Dataset summary
split_name class_name  image_count  patient_count
     train     NORMAL        40715           2747
       val     NORMAL        10425            687
      test        CNV          250            178
      test        DME          250            167
      test     DRUSEN          250            169
      test     NORMAL          250            171
[INFO] Dataset checks
[INFO] Train classes           : NORMAL
[INFO] Train pathology count   : 0
[INFO] Train/val patient overlap: 0

[2/7] Building model
ConvAutoencoder(
  (encoder): Sequential(
    (0): Conv2d(1, 32, kernel_size=(3, 3), stride=(1, 1), padding=(1, 1))
    (1): ReLU(inplace=True)
    (2): MaxPool2d(kernel_size=2, stride=2, padding=0, dilation=1, ceil_mode=False)
    (3): Conv2d(32, 64, kernel_size=(3, 3), stride=(1, 1), padding=(1, 1))
    (4): ReLU(inplace=True)
    (5): MaxPool2d(kernel_size=2, stride=2, padding=0, dilation=1, ceil_mode=False)
    (6): Conv2d(64, 128, kernel_size=(3, 3), stride=(1, 1), padding=(1, 1))
    (7): ReLU(inplace=True)
    (8): MaxPool2d(kernel_size=2, stride=2, padding=0, dilation=1, ceil_mode=False)
    (9): Conv2d(128, 256, kernel_size=(3, 3), stride=(1, 1), padding=(1, 1))
    (10): ReLU(inplace=True)
    (11): MaxPool2d(kernel_size=2, stride=2, padding=0, dilation=1, ceil_mode=False)
  )
  (to_latent): Linear(in_features=16384, out_features=128, bias=True)
  (from_latent): Linear(in_features=128, out_features=16384, bias=True)
  (decoder): Sequential(
    (0): ConvTranspose2d(256, 128, kernel_size=(2, 2), stride=(2, 2))
    (1): ReLU(inplace=True)
    (2): ConvTranspose2d(128, 64, kernel_size=(2, 2), stride=(2, 2))
    (3): ReLU(inplace=True)
    (4): ConvTranspose2d(64, 32, kernel_size=(2, 2), stride=(2, 2))
    (5): ReLU(inplace=True)
    (6): ConvTranspose2d(32, 16, kernel_size=(2, 2), stride=(2, 2))
    (7): ReLU(inplace=True)
    (8): Conv2d(16, 1, kernel_size=(3, 3), stride=(1, 1), padding=(1, 1))
    (9): Sigmoid()
  )
)
[INFO] Parameter count         : 4,773,121

[3/7] Training model
[INFO] Training ae model from scratch
[INFO] Loss type                : mse_ssim
Epoch 01/40 | train_loss=0.063923 | val_loss=0.041990
Epoch 02/40 | train_loss=0.038268 | val_loss=0.037381
Epoch 03/40 | train_loss=0.034438 | val_loss=0.033719
Epoch 04/40 | train_loss=0.032140 | val_loss=0.032241
Epoch 05/40 | train_loss=0.030682 | val_loss=0.030982
Epoch 06/40 | train_loss=0.029788 | val_loss=0.030454
Epoch 07/40 | train_loss=0.029105 | val_loss=0.029845
Epoch 08/40 | train_loss=0.028555 | val_loss=0.029923
Epoch 09/40 | train_loss=0.028077 | val_loss=0.028930
Epoch 10/40 | train_loss=0.027693 | val_loss=0.028574
Epoch 11/40 | train_loss=0.027375 | val_loss=0.028206
Epoch 12/40 | train_loss=0.027058 | val_loss=0.027979
Epoch 13/40 | train_loss=0.026824 | val_loss=0.027787
Epoch 14/40 | train_loss=0.026612 | val_loss=0.027719
Epoch 15/40 | train_loss=0.026422 | val_loss=0.027594
Epoch 16/40 | train_loss=0.026231 | val_loss=0.027676
Epoch 17/40 | train_loss=0.026129 | val_loss=0.027387
Epoch 18/40 | train_loss=0.025969 | val_loss=0.027472
Epoch 19/40 | train_loss=0.025831 | val_loss=0.027239
Epoch 20/40 | train_loss=0.025726 | val_loss=0.027162
Epoch 21/40 | train_loss=0.025625 | val_loss=0.026960
Epoch 22/40 | train_loss=0.025509 | val_loss=0.027177
Epoch 23/40 | train_loss=0.025436 | val_loss=0.026834
Epoch 24/40 | train_loss=0.025371 | val_loss=0.026656
Epoch 25/40 | train_loss=0.025251 | val_loss=0.026820
Epoch 26/40 | train_loss=0.025190 | val_loss=0.026634
Epoch 27/40 | train_loss=0.025123 | val_loss=0.026719
Epoch 28/40 | train_loss=0.025043 | val_loss=0.026581
Epoch 29/40 | train_loss=0.024989 | val_loss=0.026501
Epoch 30/40 | train_loss=0.024931 | val_loss=0.026424
Epoch 31/40 | train_loss=0.024867 | val_loss=0.026513
Epoch 32/40 | train_loss=0.024824 | val_loss=0.026432
Epoch 33/40 | train_loss=0.024746 | val_loss=0.026410
Epoch 34/40 | train_loss=0.024724 | val_loss=0.026432
Epoch 35/40 | train_loss=0.024657 | val_loss=0.026499
Epoch 36/40 | train_loss=0.024630 | val_loss=0.026425
Epoch 37/40 | train_loss=0.024577 | val_loss=0.026385
Epoch 38/40 | train_loss=0.024540 | val_loss=0.026364
Epoch 39/40 | train_loss=0.024496 | val_loss=0.026307
Epoch 40/40 | train_loss=0.024443 | val_loss=0.026306
[INFO] Best epoch             : 40
[INFO] Best val loss          : 0.026306
[INFO] Training duration      : 32m 5s

[4/7] Computing validation thresholds

[5/7] Evaluating on test split

[6/7] Saving metrics and figures
[INFO] Saved JSON            : outputs\experiments\ae_mse_ssim_l128\metrics\run_config.json
[INFO] Saved JSON            : outputs\experiments\ae_mse_ssim_l128\metrics\training_history.json
[INFO] Saved JSON            : outputs\experiments\ae_mse_ssim_l128\metrics\dataset_checks.json
[INFO] Saved JSON            : outputs\experiments\ae_mse_ssim_l128\metrics\selected_threshold_metrics.json
[INFO] Saved JSON            : outputs\experiments\ae_mse_ssim_l128\metrics\thresholds.json
[INFO] Saved text            : outputs\experiments\ae_mse_ssim_l128\summary.txt

[7/7] Skipping report assets

[DONE] All outputs were generated successfully.
[DONE] Outputs directory       : outputs\experiments\ae_mse_ssim_l128
[DONE] Report directory        : outputs\experiments\ae_mse_ssim_l128\report_assets
