[INFO] PyTorch version        : 2.6.0+cu124
[INFO] CUDA available         : True
[INFO] CUDA device count      : 1
[INFO] Using device           : cuda
[INFO] GPU name              : NVIDIA GeForce RTX 4060 Laptop GPU
[INFO] GPU memory (GB)       : 8.00

[1/7] Preparing datasets
[INFO] Dataset summary
split_name class_name  image_count  patient_count
     train     NORMAL        40715           2747
       val     NORMAL        10425            687
      test        CNV          250            178
      test        DME          250            167
      test     DRUSEN          250            169
      test     NORMAL          250            171
[INFO] Dataset checks
[INFO] Train classes           : NORMAL
[INFO] Train pathology count   : 0
[INFO] Train/val patient overlap: 0

[2/7] Building model
ConvAutoencoder(
  (encoder): Sequential(
    (0): Conv2d(1, 32, kernel_size=(3, 3), stride=(1, 1), padding=(1, 1))
    (1): ReLU(inplace=True)
    (2): MaxPool2d(kernel_size=2, stride=2, padding=0, dilation=1, ceil_mode=False)
    (3): Conv2d(32, 64, kernel_size=(3, 3), stride=(1, 1), padding=(1, 1))
    (4): ReLU(inplace=True)
    (5): MaxPool2d(kernel_size=2, stride=2, padding=0, dilation=1, ceil_mode=False)
    (6): Conv2d(64, 128, kernel_size=(3, 3), stride=(1, 1), padding=(1, 1))
    (7): ReLU(inplace=True)
    (8): MaxPool2d(kernel_size=2, stride=2, padding=0, dilation=1, ceil_mode=False)
    (9): Conv2d(128, 256, kernel_size=(3, 3), stride=(1, 1), padding=(1, 1))
    (10): ReLU(inplace=True)
    (11): MaxPool2d(kernel_size=2, stride=2, padding=0, dilation=1, ceil_mode=False)
  )
  (to_latent): Linear(in_features=16384, out_features=256, bias=True)
  (from_latent): Linear(in_features=256, out_features=16384, bias=True)
  (decoder): Sequential(
    (0): ConvTranspose2d(256, 128, kernel_size=(2, 2), stride=(2, 2))
    (1): ReLU(inplace=True)
    (2): ConvTranspose2d(128, 64, kernel_size=(2, 2), stride=(2, 2))
    (3): ReLU(inplace=True)
    (4): ConvTranspose2d(64, 32, kernel_size=(2, 2), stride=(2, 2))
    (5): ReLU(inplace=True)
    (6): ConvTranspose2d(32, 16, kernel_size=(2, 2), stride=(2, 2))
    (7): ReLU(inplace=True)
    (8): Conv2d(16, 1, kernel_size=(3, 3), stride=(1, 1), padding=(1, 1))
    (9): Sigmoid()
  )
)
[INFO] Parameter count         : 8,967,553

[3/7] Training model
[INFO] Training ae model from scratch
[INFO] Loss type                : mse
Epoch 01/40 | train_loss=0.011016 | val_loss=0.003669
Epoch 02/40 | train_loss=0.003097 | val_loss=0.002390
Epoch 03/40 | train_loss=0.002078 | val_loss=0.001932
Epoch 04/40 | train_loss=0.001702 | val_loss=0.001566
Epoch 05/40 | train_loss=0.001506 | val_loss=0.001446
Epoch 06/40 | train_loss=0.001356 | val_loss=0.001346
Epoch 07/40 | train_loss=0.001242 | val_loss=0.001264
Epoch 08/40 | train_loss=0.001173 | val_loss=0.001187
Epoch 09/40 | train_loss=0.001097 | val_loss=0.001209
Epoch 10/40 | train_loss=0.001050 | val_loss=0.001103
Epoch 11/40 | train_loss=0.000994 | val_loss=0.001072
Epoch 12/40 | train_loss=0.000965 | val_loss=0.001054
Epoch 13/40 | train_loss=0.000920 | val_loss=0.001008
Epoch 14/40 | train_loss=0.000892 | val_loss=0.000960
Epoch 15/40 | train_loss=0.000875 | val_loss=0.001005
Epoch 16/40 | train_loss=0.000846 | val_loss=0.000910
Epoch 17/40 | train_loss=0.000824 | val_loss=0.000869
Epoch 18/40 | train_loss=0.000804 | val_loss=0.000912
Epoch 19/40 | train_loss=0.000792 | val_loss=0.000851
Epoch 20/40 | train_loss=0.000777 | val_loss=0.000863
Epoch 21/40 | train_loss=0.000757 | val_loss=0.000825
Epoch 22/40 | train_loss=0.000750 | val_loss=0.000818
Epoch 23/40 | train_loss=0.000736 | val_loss=0.000806
Epoch 24/40 | train_loss=0.000724 | val_loss=0.000786
Epoch 25/40 | train_loss=0.000709 | val_loss=0.000797
Epoch 26/40 | train_loss=0.000701 | val_loss=0.000813
Epoch 27/40 | train_loss=0.000696 | val_loss=0.000756
Epoch 28/40 | train_loss=0.000684 | val_loss=0.000758
Epoch 29/40 | train_loss=0.000677 | val_loss=0.000759
Epoch 30/40 | train_loss=0.000670 | val_loss=0.000773
Epoch 31/40 | train_loss=0.000663 | val_loss=0.000730
Epoch 32/40 | train_loss=0.000654 | val_loss=0.000765
Epoch 33/40 | train_loss=0.000648 | val_loss=0.000721
Epoch 34/40 | train_loss=0.000646 | val_loss=0.000726
Epoch 35/40 | train_loss=0.000637 | val_loss=0.000717
Epoch 36/40 | train_loss=0.000633 | val_loss=0.000707
Epoch 37/40 | train_loss=0.000624 | val_loss=0.000703
Epoch 38/40 | train_loss=0.000620 | val_loss=0.000707
Epoch 39/40 | train_loss=0.000619 | val_loss=0.000747
Epoch 40/40 | train_loss=0.000612 | val_loss=0.000693
[INFO] Best epoch             : 40
[INFO] Best val loss          : 0.000693
[INFO] Training duration      : 33m 43s

[4/7] Computing validation thresholds

[5/7] Evaluating on test split

[6/7] Saving metrics and figures
[INFO] Saved JSON            : outputs\experiments\ae_mse_l256\metrics\run_config.json
[INFO] Saved JSON            : outputs\experiments\ae_mse_l256\metrics\training_history.json
[INFO] Saved JSON            : outputs\experiments\ae_mse_l256\metrics\dataset_checks.json
[INFO] Saved JSON            : outputs\experiments\ae_mse_l256\metrics\selected_threshold_metrics.json
[INFO] Saved JSON            : outputs\experiments\ae_mse_l256\metrics\thresholds.json
[INFO] Saved text            : outputs\experiments\ae_mse_l256\summary.txt

[7/7] Skipping report assets

[DONE] All outputs were generated successfully.
[DONE] Outputs directory       : outputs\experiments\ae_mse_l256
[DONE] Report directory        : outputs\experiments\ae_mse_l256\report_assets
