[INFO] PyTorch version        : 2.6.0+cu124
[INFO] CUDA available         : True
[INFO] CUDA device count      : 1
[INFO] Using device           : cuda
[INFO] GPU name              : NVIDIA GeForce RTX 4060 Laptop GPU
[INFO] GPU memory (GB)       : 8.00

[1/7] Preparing datasets
[INFO] Dataset summary
split_name class_name  image_count  patient_count
     train     NORMAL        40715           2747
       val     NORMAL        10425            687
      test        CNV          250            178
      test        DME          250            167
      test     DRUSEN          250            169
      test     NORMAL          250            171
[INFO] Dataset checks
[INFO] Train classes           : NORMAL
[INFO] Train pathology count   : 0
[INFO] Train/val patient overlap: 0

[2/7] Building model
ConvAutoencoder(
  (encoder): Sequential(
    (0): Conv2d(1, 32, kernel_size=(3, 3), stride=(1, 1), padding=(1, 1))
    (1): ReLU(inplace=True)
    (2): MaxPool2d(kernel_size=2, stride=2, padding=0, dilation=1, ceil_mode=False)
    (3): Conv2d(32, 64, kernel_size=(3, 3), stride=(1, 1), padding=(1, 1))
    (4): ReLU(inplace=True)
    (5): MaxPool2d(kernel_size=2, stride=2, padding=0, dilation=1, ceil_mode=False)
    (6): Conv2d(64, 128, kernel_size=(3, 3), stride=(1, 1), padding=(1, 1))
    (7): ReLU(inplace=True)
    (8): MaxPool2d(kernel_size=2, stride=2, padding=0, dilation=1, ceil_mode=False)
    (9): Conv2d(128, 256, kernel_size=(3, 3), stride=(1, 1), padding=(1, 1))
    (10): ReLU(inplace=True)
    (11): MaxPool2d(kernel_size=2, stride=2, padding=0, dilation=1, ceil_mode=False)
  )
  (to_latent): Linear(in_features=16384, out_features=128, bias=True)
  (from_latent): Linear(in_features=128, out_features=16384, bias=True)
  (decoder): Sequential(
    (0): ConvTranspose2d(256, 128, kernel_size=(2, 2), stride=(2, 2))
    (1): ReLU(inplace=True)
    (2): ConvTranspose2d(128, 64, kernel_size=(2, 2), stride=(2, 2))
    (3): ReLU(inplace=True)
    (4): ConvTranspose2d(64, 32, kernel_size=(2, 2), stride=(2, 2))
    (5): ReLU(inplace=True)
    (6): ConvTranspose2d(32, 16, kernel_size=(2, 2), stride=(2, 2))
    (7): ReLU(inplace=True)
    (8): Conv2d(16, 1, kernel_size=(3, 3), stride=(1, 1), padding=(1, 1))
    (9): Sigmoid()
  )
)
[INFO] Parameter count         : 4,773,121

[3/7] Training model
[INFO] Training ae model from scratch
[INFO] Loss type                : mse
Epoch 01/40 | train_loss=0.011630 | val_loss=0.004163
Epoch 02/40 | train_loss=0.003269 | val_loss=0.003089
Epoch 03/40 | train_loss=0.002278 | val_loss=0.002060
Epoch 04/40 | train_loss=0.001836 | val_loss=0.001742
Epoch 05/40 | train_loss=0.001602 | val_loss=0.001599
Epoch 06/40 | train_loss=0.001433 | val_loss=0.001461
Epoch 07/40 | train_loss=0.001333 | val_loss=0.001366
Epoch 08/40 | train_loss=0.001252 | val_loss=0.001364
Epoch 09/40 | train_loss=0.001160 | val_loss=0.001244
Epoch 10/40 | train_loss=0.001106 | val_loss=0.001148
Epoch 11/40 | train_loss=0.001052 | val_loss=0.001064
Epoch 12/40 | train_loss=0.001012 | val_loss=0.001113
Epoch 13/40 | train_loss=0.000975 | val_loss=0.001046
Epoch 14/40 | train_loss=0.000946 | val_loss=0.001002
Epoch 15/40 | train_loss=0.000921 | val_loss=0.000995
Epoch 16/40 | train_loss=0.000902 | val_loss=0.001103
Epoch 17/40 | train_loss=0.000872 | val_loss=0.000955
Epoch 18/40 | train_loss=0.000857 | val_loss=0.000924
Epoch 19/40 | train_loss=0.000837 | val_loss=0.000896
Epoch 20/40 | train_loss=0.000822 | val_loss=0.000916
Epoch 21/40 | train_loss=0.000808 | val_loss=0.000865
Epoch 22/40 | train_loss=0.000795 | val_loss=0.000861
Epoch 23/40 | train_loss=0.000784 | val_loss=0.000838
Epoch 24/40 | train_loss=0.000775 | val_loss=0.000834
Epoch 25/40 | train_loss=0.000755 | val_loss=0.000849
Epoch 26/40 | train_loss=0.000749 | val_loss=0.000862
Epoch 27/40 | train_loss=0.000743 | val_loss=0.000853
Epoch 28/40 | train_loss=0.000734 | val_loss=0.000819
Epoch 29/40 | train_loss=0.000726 | val_loss=0.000828
Epoch 30/40 | train_loss=0.000719 | val_loss=0.000808
Epoch 31/40 | train_loss=0.000715 | val_loss=0.000770
Epoch 32/40 | train_loss=0.000702 | val_loss=0.000765
Epoch 33/40 | train_loss=0.000699 | val_loss=0.000775
Epoch 34/40 | train_loss=0.000697 | val_loss=0.000776
Epoch 35/40 | train_loss=0.000688 | val_loss=0.000768
Epoch 36/40 | train_loss=0.000682 | val_loss=0.000775
Epoch 37/40 | train_loss=0.000677 | val_loss=0.000747
Epoch 38/40 | train_loss=0.000669 | val_loss=0.000772
Epoch 39/40 | train_loss=0.000670 | val_loss=0.000764
Epoch 40/40 | train_loss=0.000661 | val_loss=0.000735
[INFO] Best epoch             : 40
[INFO] Best val loss          : 0.000735
[INFO] Training duration      : 30m 46s

[4/7] Computing validation thresholds

[5/7] Evaluating on test split

[6/7] Saving metrics and figures
[INFO] Saved JSON            : outputs\experiments\ae_mse_l128\metrics\run_config.json
[INFO] Saved JSON            : outputs\experiments\ae_mse_l128\metrics\training_history.json
[INFO] Saved JSON            : outputs\experiments\ae_mse_l128\metrics\dataset_checks.json
[INFO] Saved JSON            : outputs\experiments\ae_mse_l128\metrics\selected_threshold_metrics.json
[INFO] Saved JSON            : outputs\experiments\ae_mse_l128\metrics\thresholds.json
[INFO] Saved text            : outputs\experiments\ae_mse_l128\summary.txt

[7/7] Skipping report assets

[DONE] All outputs were generated successfully.
[DONE] Outputs directory       : outputs\experiments\ae_mse_l128
[DONE] Report directory        : outputs\experiments\ae_mse_l128\report_assets
