[INFO] PyTorch version        : 2.5.1+cu121
[INFO] CUDA available         : True
[INFO] CUDA device count      : 1
[INFO] Using device           : cuda
[INFO] GPU name              : NVIDIA GeForce RTX 4060 Laptop GPU
[INFO] GPU memory (GB)       : 8.00

[1/7] Preparing datasets
[INFO] Dataset summary
split_name class_name  image_count  patient_count
     train     NORMAL        40715           2747
       val     NORMAL        10425            687
      test        CNV          250            178
      test        DME          250            167
      test     DRUSEN          250            169
      test     NORMAL          250            171
[INFO] Dataset checks
[INFO] Train classes           : NORMAL
[INFO] Train pathology count   : 0
[INFO] Train/val patient overlap: 0

[2/7] Building model
ConvAutoencoder(
  (encoder): Sequential(
    (0): Conv2d(1, 32, kernel_size=(3, 3), stride=(1, 1), padding=(1, 1))
    (1): ReLU(inplace=True)
    (2): MaxPool2d(kernel_size=2, stride=2, padding=0, dilation=1, ceil_mode=False)
    (3): Conv2d(32, 64, kernel_size=(3, 3), stride=(1, 1), padding=(1, 1))
    (4): ReLU(inplace=True)
    (5): MaxPool2d(kernel_size=2, stride=2, padding=0, dilation=1, ceil_mode=False)
    (6): Conv2d(64, 128, kernel_size=(3, 3), stride=(1, 1), padding=(1, 1))
    (7): ReLU(inplace=True)
    (8): MaxPool2d(kernel_size=2, stride=2, padding=0, dilation=1, ceil_mode=False)
    (9): Conv2d(128, 256, kernel_size=(3, 3), stride=(1, 1), padding=(1, 1))
    (10): ReLU(inplace=True)
    (11): MaxPool2d(kernel_size=2, stride=2, padding=0, dilation=1, ceil_mode=False)
  )
  (to_latent): Linear(in_features=16384, out_features=256, bias=True)
  (from_latent): Linear(in_features=256, out_features=16384, bias=True)
  (decoder): Sequential(
    (0): ConvTranspose2d(256, 128, kernel_size=(2, 2), stride=(2, 2))
    (1): ReLU(inplace=True)
    (2): ConvTranspose2d(128, 64, kernel_size=(2, 2), stride=(2, 2))
    (3): ReLU(inplace=True)
    (4): ConvTranspose2d(64, 32, kernel_size=(2, 2), stride=(2, 2))
    (5): ReLU(inplace=True)
    (6): ConvTranspose2d(32, 16, kernel_size=(2, 2), stride=(2, 2))
    (7): ReLU(inplace=True)
    (8): Conv2d(16, 1, kernel_size=(3, 3), stride=(1, 1), padding=(1, 1))
    (9): Sigmoid()
  )
)
[INFO] Parameter count         : 8,967,553

[3/7] Training model
[INFO] Training ae model from scratch
[INFO] Loss type                : mse
Epoch 01/40 | train_loss=0.008927 | val_loss=0.003416
Epoch 02/40 | train_loss=0.002765 | val_loss=0.002148
Epoch 03/40 | train_loss=0.001954 | val_loss=0.001728
Epoch 04/40 | train_loss=0.001632 | val_loss=0.001549
Epoch 05/40 | train_loss=0.001435 | val_loss=0.001378
Epoch 06/40 | train_loss=0.001288 | val_loss=0.001240
Epoch 07/40 | train_loss=0.001184 | val_loss=0.001204
Epoch 08/40 | train_loss=0.001115 | val_loss=0.001151
Epoch 09/40 | train_loss=0.001046 | val_loss=0.001052
Epoch 10/40 | train_loss=0.000998 | val_loss=0.000998
Epoch 11/40 | train_loss=0.000962 | val_loss=0.001112
Epoch 12/40 | train_loss=0.000926 | val_loss=0.000942
Epoch 13/40 | train_loss=0.000897 | val_loss=0.000985
Epoch 14/40 | train_loss=0.000872 | val_loss=0.000921
Epoch 15/40 | train_loss=0.000849 | val_loss=0.000883
Epoch 16/40 | train_loss=0.000829 | val_loss=0.000934
Epoch 17/40 | train_loss=0.000813 | val_loss=0.000890
Epoch 18/40 | train_loss=0.000795 | val_loss=0.000837
Epoch 19/40 | train_loss=0.000779 | val_loss=0.000847
Epoch 20/40 | train_loss=0.000770 | val_loss=0.000823
Epoch 21/40 | train_loss=0.000755 | val_loss=0.000847
Epoch 22/40 | train_loss=0.000749 | val_loss=0.000833
Epoch 23/40 | train_loss=0.000734 | val_loss=0.000808
Epoch 24/40 | train_loss=0.000725 | val_loss=0.000803
Epoch 25/40 | train_loss=0.000717 | val_loss=0.000774
Epoch 26/40 | train_loss=0.000708 | val_loss=0.000782
Epoch 27/40 | train_loss=0.000699 | val_loss=0.000784
Epoch 28/40 | train_loss=0.000692 | val_loss=0.000765
Epoch 29/40 | train_loss=0.000683 | val_loss=0.000781
Epoch 30/40 | train_loss=0.000678 | val_loss=0.000745
Epoch 31/40 | train_loss=0.000670 | val_loss=0.000758
Epoch 32/40 | train_loss=0.000663 | val_loss=0.000752
Epoch 33/40 | train_loss=0.000659 | val_loss=0.000775
Epoch 34/40 | train_loss=0.000654 | val_loss=0.000733
Epoch 35/40 | train_loss=0.000649 | val_loss=0.000723
Epoch 36/40 | train_loss=0.000642 | val_loss=0.000720
Epoch 37/40 | train_loss=0.000640 | val_loss=0.000740
Epoch 38/40 | train_loss=0.000634 | val_loss=0.000721
Epoch 39/40 | train_loss=0.000630 | val_loss=0.000720
Epoch 40/40 | train_loss=0.000627 | val_loss=0.000720
[INFO] Best epoch             : 36
[INFO] Best val loss          : 0.000720
[INFO] Training duration      : 37m 39s

[4/7] Computing validation thresholds

[5/7] Evaluating on test split

[6/7] Saving metrics and figures
[INFO] Saved JSON            : outputs\experiments\ae_mse_l256_bs16\metrics\run_config.json
[INFO] Saved JSON            : outputs\experiments\ae_mse_l256_bs16\metrics\training_history.json
[INFO] Saved JSON            : outputs\experiments\ae_mse_l256_bs16\metrics\dataset_checks.json
[INFO] Saved JSON            : outputs\experiments\ae_mse_l256_bs16\metrics\selected_threshold_metrics.json
[INFO] Saved JSON            : outputs\experiments\ae_mse_l256_bs16\metrics\thresholds.json
[INFO] Saved text            : outputs\experiments\ae_mse_l256_bs16\summary.txt

[7/7] Skipping report assets

[DONE] All outputs were generated successfully.
[DONE] Outputs directory       : outputs\experiments\ae_mse_l256_bs16
[DONE] Report directory        : outputs\experiments\ae_mse_l256_bs16\report_assets
